2024-09-18 13:28:19 Loading main app package /tmp/.mount_ObsidiV4e4Qa/resources/obsidian.asar
2024-09-18 13:28:20 Checking for update using Github
2024-09-18 13:28:21 Success.
2024-09-18 13:28:21 Latest version is 1.6.7
2024-09-18 13:28:21 App is up to date.
2024-09-18 13:35:36 Loading main app package /tmp/.mount_ObsidifYRUNn/resources/obsidian.asar
2024-09-18 13:35:36 Checking for update using Github
2024-09-18 13:35:37 Loading main app package /tmp/.mount_Obsidij47jgx/resources/obsidian.asar
2024-09-18 13:35:37 Success.
2024-09-18 13:35:37 Latest version is 1.6.7
2024-09-18 13:35:37 App is up to date.
2024-09-18 13:35:37 Checking for update using Github
2024-09-20 04:30:31 Loading main app package /tmp/.mount_Obsidi8V8QHz/resources/obsidian.asar
2024-09-20 04:30:32 Checking for update using Github
2024-09-20 04:30:32 Success.
2024-09-20 04:30:32 Latest version is 1.6.7
2024-09-20 04:30:32 App is up to date.
2024-09-22 10:44:59 Loading main app package /tmp/.mount_ObsidiRXzzlU/resources/obsidian.asar
2024-09-22 10:44:59 Checking for update using Github
2024-09-22 10:45:00 Success.
2024-09-22 10:45:00 Latest version is 1.6.7
2024-09-22 10:45:00 App is up to date.
2024-09-23 00:54:06 Loading main app package /tmp/.mount_ObsidizGylfZ/resources/obsidian.asar
2024-09-23 00:54:06 Checking for update using Github
2024-09-23 00:54:07 Success.
2024-09-23 00:54:07 Latest version is 1.6.7
2024-09-23 00:54:07 App is up to date.
2024-09-23 00:54:58 Loading main app package /tmp/.mount_Obsidi0e8fCc/resources/obsidian.asar
2024-09-23 00:54:59 Checking for update using Github
2024-09-23 00:54:59 Success.
2024-09-23 00:54:59 Latest version is 1.6.7
2024-09-23 00:54:59 App is up to date.
2024-09-24 01:14:31 Loading main app package /tmp/.mount_ObsidijOLu5P/resources/obsidian.asar
2024-09-24 01:14:32 Checking for update using Github
2024-09-24 01:14:32 Success.
2024-09-24 01:14:32 Latest version is 1.6.7
2024-09-24 01:14:32 App is up to date.
2024-09-26 02:40:25 Loading main app package /tmp/.mount_ObsidioqPhyG/resources/obsidian.asar
2024-09-26 02:40:26 Checking for update using Github
2024-09-26 02:40:27 Success.
2024-09-26 02:40:27 Latest version is 1.6.7
2024-09-26 02:40:27 App is up to date.
2024-10-08 12:44:07 Loading main app package /tmp/.mount_ObsidiEDJuOp/resources/obsidian.asar
2024-10-08 12:44:08 Checking for update using Github
2024-10-08 12:44:08 Success.
2024-10-08 12:44:08 Latest version is 1.6.7
2024-10-08 12:44:08 App is up to date.
2024-10-27 01:33:19 Loading main app package /tmp/.mount_ObsidiJ5L6kg/resources/obsidian.asar
2024-10-27 01:33:20 Checking for update using Github
2024-10-27 01:33:20 Failed to check for update using Github (net::ERR_INTERNET_DISCONNECTED)
2024-10-27 01:33:20 Checking for update using obsidian.md
2024-10-27 01:33:20 Failed to check for update using obsidian.md (net::ERR_INTERNET_DISCONNECTED)
2024-10-27 01:43:38 Loading main app package /tmp/.mount_Obsidijb618k/resources/obsidian.asar
2024-10-27 01:43:39 Checking for update using Github
2024-10-27 01:43:40 Success.
2024-10-27 01:43:40 Latest version is 1.7.4
2024-10-27 01:43:40 Downloading update from https://github.com/obsidianmd/obsidian-releases/releases/download/v1.7.4/obsidian-1.7.4.asar.gz
2024-10-27 01:50:36 Loading main app package /tmp/.mount_Obsidi22r8CT/resources/obsidian.asar
2024-10-27 01:50:37 Checking for update using Github
2024-10-27 01:50:38 Success.
2024-10-27 01:50:38 Latest version is 1.7.4
2024-10-27 01:50:38 Downloading update from https://github.com/obsidianmd/obsidian-releases/releases/download/v1.7.4/obsidian-1.7.4.asar.gz
2024-10-27 01:50:42 Verifying hash & signature. Size= 8056043
2024-10-27 01:50:42 Saving file
2024-10-27 01:50:43 Update complete.
2024-10-29 01:10:33 Loading updated app package /home/demid/.config/obsidian/obsidian-1.7.4.asar
2024-10-29 01:10:34 Checking for update using Github
2024-10-29 01:10:34 Success.
2024-10-29 01:10:34 Latest version is 1.7.4
2024-10-29 01:10:34 App is up to date.
2024-10-29 01:10:38 Loading updated app package /home/demid/.config/obsidian/obsidian-1.7.4.asar
2024-10-29 01:10:39 Checking for update using Github
2024-10-29 01:10:39 Success.
2024-10-29 01:10:39 Latest version is 1.7.4
2024-10-29 01:10:39 App is up to date.
2024-10-29 01:18:36 Loading updated app package /home/demid/.config/obsidian/obsidian-1.7.4.asar
2024-10-29 01:18:37 Checking for update using Github
2024-10-29 01:18:37 Loading updated app package /home/demid/.config/obsidian/obsidian-1.7.4.asar
2024-10-29 01:18:37 Success.
2024-10-29 01:18:37 Latest version is 1.7.4
2024-10-29 01:18:37 App is up to date.
2024-10-29 01:18:38 Checking for update using Github
2024-10-29 01:19:17 Loading updated app package /home/demid/.config/obsidian/obsidian-1.7.4.asar
2024-10-29 01:19:18 Checking for update using Github
2024-10-29 01:19:18 Success.
2024-10-29 01:19:18 Latest version is 1.7.4
2024-10-29 01:19:18 App is up to date.
2024-11-05 00:02:16 Loading updated app package /home/demid/.config/obsidian/obsidian-1.7.4.asar
2024-11-05 00:02:17 Checking for update using Github
2024-11-05 00:02:17 Success.
2024-11-05 00:02:17 Latest version is 1.7.5
2024-11-05 00:02:17 Downloading update from https://github.com/obsidianmd/obsidian-releases/releases/download/v1.7.5/obsidian-1.7.5.asar.gz
2024-11-05 00:02:21 Verifying hash & signature. Size= 8056498
2024-11-05 00:02:21 Saving file
2024-11-05 00:02:21 Update complete.
2024-11-05 00:04:00 Loading updated app package /home/demid/.config/obsidian/obsidian-1.7.5.asar
2024-11-05 00:04:01 Checking for update using Github
2024-11-05 00:04:01 Success.
2024-11-05 00:04:01 Latest version is 1.7.5
2024-11-05 00:04:01 App is up to date.
2024-11-05 00:05:36 Loading updated app package /home/demid/.config/obsidian/obsidian-1.7.5.asar
2024-11-05 00:05:36 Checking for update using Github
2024-11-05 00:05:37 Success.
2024-11-05 00:05:37 Latest version is 1.7.5
2024-11-05 00:05:37 App is up to date.
2024-11-05 00:06:07 Loading updated app package /home/demid/.config/obsidian/obsidian-1.7.5.asar
2024-11-05 00:06:07 Checking for update using Github
2024-11-05 00:06:08 Success.
2024-11-05 00:06:08 Latest version is 1.7.5
2024-11-05 00:06:08 App is up to date.
2024-11-05 00:09:29 Loading updated app package /home/demid/.config/obsidian/obsidian-1.7.5.asar
2024-11-05 00:09:30 Checking for update using Github
2024-11-05 00:09:31 Success.
2024-11-05 00:09:31 Latest version is 1.7.5
2024-11-05 00:09:31 App is up to date.
2024-11-05 00:10:46 Checking for update using Github
2024-11-05 00:10:46 Success.
2024-11-05 00:10:46 Latest version is 1.7.5
2024-11-05 00:10:46 App is up to date.
2024-11-05 00:11:32 Loading updated app package /home/demid/.config/obsidian/obsidian-1.7.5.asar
2024-11-05 00:11:33 Checking for update using Github
2024-11-05 00:11:33 Success.
2024-11-05 00:11:33 Latest version is 1.7.5
2024-11-05 00:11:33 App is up to date.
2024-11-08 04:26:03 Loading updated app package /home/demid/.config/obsidian/obsidian-1.7.5.asar
2024-11-08 04:26:04 Checking for update using Github
2024-11-08 04:26:05 Success.
2024-11-08 04:26:05 Latest version is 1.7.5
2024-11-08 04:26:05 App is up to date.
2024-11-08 06:27:15 Loading updated app package /home/demid/.config/obsidian/obsidian-1.7.5.asar
2024-11-08 06:27:16 Checking for update using Github
2024-11-08 06:27:17 Success.
2024-11-08 06:27:17 Latest version is 1.7.5
2024-11-08 06:27:17 App is up to date.
2024-11-08 06:28:02 Loading updated app package /home/demid/.config/obsidian/obsidian-1.7.5.asar
2024-11-08 06:28:03 Checking for update using Github
2024-11-08 06:28:03 Success.
2024-11-08 06:28:03 Latest version is 1.7.5
2024-11-08 06:28:03 App is up to date.
2024-11-08 06:30:29 Loading updated app package /home/demid/.config/obsidian/obsidian-1.7.5.asar
2024-11-08 06:30:29 Checking for update using Github
2024-11-08 06:30:30 Success.
2024-11-08 06:30:30 Latest version is 1.7.5
2024-11-08 06:30:30 App is up to date.
2024-11-08 06:33:28 Loading updated app package /home/demid/.config/obsidian/obsidian-1.7.5.asar
2024-11-08 06:33:29 Checking for update using Github
2024-11-08 06:33:29 Success.
2024-11-08 06:33:29 Latest version is 1.7.5
2024-11-08 06:33:29 App is up to date.
2024-11-08 07:33:28 Checking for update using Github
2024-11-08 07:33:28 Success.
2024-11-08 07:33:28 Latest version is 1.7.5
2024-11-08 07:33:28 App is up to date.
2024-11-08 08:33:28 Checking for update using Github
2024-11-08 08:33:28 Success.
2024-11-08 08:33:28 Latest version is 1.7.5
2024-11-08 08:33:28 App is up to date.
2024-11-08 11:11:59 Checking for update using Github
2024-11-08 11:12:00 Success.
2024-11-08 11:12:00 Latest version is 1.7.5
2024-11-08 11:12:00 App is up to date.
2024-11-10 23:54:00 Loading updated app package /home/demid/.config/obsidian/obsidian-1.7.5.asar
2024-11-10 23:54:01 Checking for update using Github
2024-11-10 23:54:01 Success.
2024-11-10 23:54:01 Latest version is 1.7.5
2024-11-10 23:54:01 App is up to date.
2024-11-11 02:51:49 Loading updated app package /home/demid/.config/obsidian/obsidian-1.7.5.asar
2024-11-11 02:51:50 Checking for update using Github
2024-11-11 02:51:51 Success.
2024-11-11 02:51:51 Latest version is 1.7.5
2024-11-11 02:51:51 App is up to date.
2024-11-11 07:37:06 Loading updated app package /home/demid/.config/obsidian/obsidian-1.7.5.asar
2024-11-11 07:37:07 Checking for update using Github
2024-11-11 07:37:08 Success.
2024-11-11 07:37:08 Latest version is 1.7.5
2024-11-11 07:37:08 App is up to date.
2024-11-12 02:18:25 Loading updated app package /home/demid/.config/obsidian/obsidian-1.7.5.asar
2024-11-12 02:18:25 Checking for update using Github
2024-11-12 02:18:26 Success.
2024-11-12 02:18:26 Latest version is 1.7.5
2024-11-12 02:18:26 App is up to date.
2024-11-12 02:37:46 Loading updated app package /home/demid/.config/obsidian/obsidian-1.7.5.asar
2024-11-12 02:37:47 Checking for update using Github
2024-11-12 02:37:48 Success.
2024-11-12 02:37:48 Latest version is 1.7.5
2024-11-12 02:37:48 App is up to date.
2024-11-13 08:58:42 Loading updated app package /home/demid/.config/obsidian/obsidian-1.7.5.asar
2024-11-13 08:58:43 Checking for update using Github
2024-11-13 08:58:45 Success.
2024-11-13 08:58:45 Latest version is 1.7.6
2024-11-13 08:58:45 Downloading update from https://github.com/obsidianmd/obsidian-releases/releases/download/v1.7.6/obsidian-1.7.6.asar.gz
2024-11-13 08:59:22 Verifying hash & signature. Size= 8000010
2024-11-13 08:59:22 Saving file
2024-11-13 08:59:23 Update complete.
2024-11-14 04:17:28 Loading updated app package /home/demid/.config/obsidian/obsidian-1.7.6.asar
2024-11-14 04:17:28 Checking for update using Github
2024-11-14 04:17:29 Success.
2024-11-14 04:17:29 Latest version is 1.7.6
2024-11-14 04:17:29 App is up to date.
2024-11-15 03:23:55 Loading updated app package /home/demid/.config/obsidian/obsidian-1.7.6.asar
2024-11-15 03:23:56 Checking for update using Github
2024-11-15 03:23:58 Success.
2024-11-15 03:23:58 Latest version is 1.7.6
2024-11-15 03:23:58 App is up to date.
2024-11-15 10:28:26 Loading updated app package /home/demid/.config/obsidian/obsidian-1.7.6.asar
2024-11-15 10:28:27 Checking for update using Github
2024-11-15 10:28:27 Success.
2024-11-15 10:28:27 Latest version is 1.7.6
2024-11-15 10:28:27 App is up to date.
2024-11-15 10:44:49 Loading updated app package /home/demid/.config/obsidian/obsidian-1.7.6.asar
2024-11-15 10:44:50 Checking for update using Github
2024-11-15 10:44:51 Success.
2024-11-15 10:44:51 Latest version is 1.7.6
2024-11-15 10:44:51 App is up to date.
2024-11-15 12:42:14 Loading updated app package /home/demid/.config/obsidian/obsidian-1.7.6.asar
2024-11-15 12:42:15 Checking for update using Github
2024-11-15 12:42:15 Success.
2024-11-15 12:42:15 Latest version is 1.7.6
2024-11-15 12:42:15 App is up to date.
2024-11-16 01:38:18 Loading updated app package /home/demid/.config/obsidian/obsidian-1.7.6.asar
2024-11-16 01:38:18 Loading updated app package /home/demid/.config/obsidian/obsidian-1.7.6.asar
2024-11-16 01:38:19 Checking for update using Github
2024-11-16 01:38:19 Loading updated app package /home/demid/.config/obsidian/obsidian-1.7.6.asar
2024-11-16 01:38:20 Success.
2024-11-16 01:38:20 Latest version is 1.7.6
2024-11-16 01:38:20 App is up to date.
2024-11-16 01:38:20 Checking for update using Github
2024-11-16 01:38:20 Checking for update using Github
2024-11-16 01:45:36 Loading updated app package /home/demid/.config/obsidian/obsidian-1.7.6.asar
2024-11-16 01:45:37 Checking for update using Github
2024-11-16 01:45:38 Success.
2024-11-16 01:45:38 Latest version is 1.7.6
2024-11-16 01:45:38 App is up to date.
2024-11-16 04:51:37 Loading updated app package /home/demid/.config/obsidian/obsidian-1.7.6.asar
2024-11-16 04:51:38 Checking for update using Github
2024-11-16 04:51:38 Success.
2024-11-16 04:51:38 Latest version is 1.7.6
2024-11-16 04:51:38 App is up to date.
2024-11-16 05:11:47 Loading updated app package /home/demid/.config/obsidian/obsidian-1.7.6.asar
2024-11-16 05:11:48 Checking for update using Github
2024-11-16 05:11:49 Success.
2024-11-16 05:11:49 Latest version is 1.7.6
2024-11-16 05:11:49 App is up to date.
2024-11-16 05:14:49 Loading updated app package /home/demid/.config/obsidian/obsidian-1.7.6.asar
2024-11-16 05:14:50 Checking for update using Github
2024-11-16 05:14:50 Success.
2024-11-16 05:14:50 Latest version is 1.7.6
2024-11-16 05:14:50 App is up to date.
2024-11-16 09:27:14 Loading updated app package /home/demid/.config/obsidian/obsidian-1.7.6.asar
2024-11-16 09:27:15 Checking for update using Github
2024-11-16 09:27:16 Success.
2024-11-16 09:27:16 Latest version is 1.7.6
2024-11-16 09:27:16 App is up to date.
2024-11-17 10:56:18 Loading updated app package /home/demid/.config/obsidian/obsidian-1.7.6.asar
2024-11-17 10:56:19 Checking for update using Github
2024-11-17 10:56:20 Success.
2024-11-17 10:56:20 Latest version is 1.7.6
2024-11-17 10:56:20 App is up to date.
2024-11-18 10:58:48 Loading updated app package /home/demid/.config/obsidian/obsidian-1.7.6.asar
2024-11-18 10:58:49 Checking for update using Github
2024-11-18 10:58:50 Success.
2024-11-18 10:58:50 Latest version is 1.7.6
2024-11-18 10:58:50 App is up to date.
2024-11-18 12:29:28 Loading updated app package /home/demid/.config/obsidian/obsidian-1.7.6.asar
2024-11-18 12:29:29 Checking for update using Github
2024-11-18 12:29:30 Success.
2024-11-18 12:29:30 Latest version is 1.7.6
2024-11-18 12:29:30 App is up to date.
2024-11-19 01:53:10 Loading updated app package /home/demid/.config/obsidian/obsidian-1.7.6.asar
2024-11-19 01:53:11 Checking for update using Github
2024-11-19 01:53:12 Success.
2024-11-19 01:53:12 Latest version is 1.7.7
2024-11-19 01:53:12 Downloading update from https://github.com/obsidianmd/obsidian-releases/releases/download/v1.7.7/obsidian-1.7.7.asar.gz
2024-11-19 02:11:52 Loading updated app package /home/demid/.config/obsidian/obsidian-1.7.6.asar
2024-11-19 02:11:53 Checking for update using Github
2024-11-19 02:11:54 Success.
2024-11-19 02:11:54 Latest version is 1.7.7
2024-11-19 02:11:54 Downloading update from https://github.com/obsidianmd/obsidian-releases/releases/download/v1.7.7/obsidian-1.7.7.asar.gz
2024-11-19 02:12:11 Verifying hash & signature. Size= 8000009
2024-11-19 02:12:11 Saving file
2024-11-19 02:12:11 Update complete.
2024-11-19 06:01:53 Loading updated app package /home/demid/.config/obsidian/obsidian-1.7.7.asar
2024-11-19 06:01:54 Checking for update using Github
2024-11-19 06:01:55 Success.
2024-11-19 06:01:55 Latest version is 1.7.7
2024-11-19 06:01:55 App is up to date.
2024-11-19 07:01:55 Checking for update using Github
2024-11-19 07:01:55 Success.
2024-11-19 07:01:55 Latest version is 1.7.7
2024-11-19 07:01:55 App is up to date.
2024-11-19 08:21:24 Checking for update using Github
2024-11-19 09:24:44 Loading updated app package /home/demid/.config/obsidian/obsidian-1.7.7.asar
2024-11-19 09:24:45 Checking for update using Github
2024-11-19 09:24:46 Success.
2024-11-19 09:24:46 Latest version is 1.7.7
2024-11-19 09:24:46 App is up to date.
2024-11-19 11:25:37 Checking for update using Github
2024-11-19 11:25:38 Success.
2024-11-19 11:25:38 Latest version is 1.7.7
2024-11-19 11:25:38 App is up to date.
2024-11-21 01:05:37 Loading updated app package /home/demid/.config/obsidian/obsidian-1.7.7.asar
2024-11-21 01:05:38 Checking for update using Github
2024-11-21 01:05:39 Success.
2024-11-21 01:05:39 Latest version is 1.7.7
2024-11-21 01:05:39 App is up to date.
2024-11-22 00:49:02 Loading updated app package /home/demid/.config/obsidian/obsidian-1.7.7.asar
2024-11-22 00:49:03 Checking for update using Github
2024-11-22 00:49:05 Success.
2024-11-22 00:49:05 Latest version is 1.7.7
2024-11-22 00:49:05 App is up to date.
2024-11-22 01:02:01 Loading updated app package /home/demid/.config/obsidian/obsidian-1.7.7.asar
2024-11-22 01:02:02 Checking for update using Github
2024-11-22 01:02:02 Failed to check for update using Github (net::ERR_NETWORK_CHANGED)
2024-11-22 01:02:02 Checking for update using obsidian.md
2024-11-22 01:02:03 Failed to check for update using obsidian.md (Unexpected end of JSON input)
2024-11-22 01:02:03 Loading updated app package /home/demid/.config/obsidian/obsidian-1.7.7.asar
2024-11-22 01:02:04 Checking for update using Github
2024-11-22 01:03:30 Loading updated app package /home/demid/.config/obsidian/obsidian-1.7.7.asar
2024-11-22 01:03:31 Checking for update using Github
2024-11-22 01:03:32 Success.
2024-11-22 01:03:32 Latest version is 1.7.7
2024-11-22 01:03:32 App is up to date.
2024-11-28 06:10:54 Loading updated app package /home/demid/.config/obsidian/obsidian-1.7.7.asar
2024-11-28 06:10:55 Checking for update using Github
2024-11-28 06:10:56 Success.
2024-11-28 06:10:56 Latest version is 1.7.7
2024-11-28 06:10:56 App is up to date.
2024-11-29 12:59:16 Loading updated app package /home/demid/.config/obsidian/obsidian-1.7.7.asar
2024-11-29 12:59:17 Checking for update using Github
2024-11-29 12:59:18 Success.
2024-11-29 12:59:18 Latest version is 1.7.7
2024-11-29 12:59:18 App is up to date.
2024-11-29 12:59:23 Loading updated app package /home/demid/.config/obsidian/obsidian-1.7.7.asar
2024-11-29 12:59:25 Checking for update using Github
2024-11-29 12:59:25 Success.
2024-11-29 12:59:25 Latest version is 1.7.7
2024-11-29 12:59:25 App is up to date.
2024-12-02 03:00:38 Loading updated app package /home/demid/.config/obsidian/obsidian-1.7.7.asar
2024-12-02 03:00:39 Checking for update using Github
2024-12-02 03:00:40 Success.
2024-12-02 03:00:40 Latest version is 1.7.7
2024-12-02 03:00:40 App is up to date.
2024-12-02 04:09:43 Loading updated app package /home/demid/.config/obsidian/obsidian-1.7.7.asar
2024-12-02 04:09:43 Checking for update using Github
2024-12-02 04:09:44 Success.
2024-12-02 04:09:44 Latest version is 1.7.7
2024-12-02 04:09:44 App is up to date.
2024-12-02 05:09:43 Checking for update using Github
2024-12-02 05:09:43 Success.
2024-12-02 05:09:43 Latest version is 1.7.7
2024-12-02 05:09:43 App is up to date.
2024-12-03 01:49:10 Loading updated app package /home/demid/.config/obsidian/obsidian-1.7.7.asar
2024-12-03 01:49:11 Checking for update using Github
2024-12-03 01:49:11 Failed to check for update using Github (net::ERR_INTERNET_DISCONNECTED)
2024-12-03 01:49:11 Checking for update using obsidian.md
2024-12-03 01:49:11 Failed to check for update using obsidian.md (net::ERR_INTERNET_DISCONNECTED)
2024-12-03 03:54:24 Checking for update using Github
2024-12-03 03:54:25 Success.
2024-12-03 03:54:25 Latest version is 1.7.7
2024-12-03 03:54:25 App is up to date.
2024-12-03 04:54:26 Checking for update using Github
2024-12-03 04:54:26 Success.
2024-12-03 04:54:26 Latest version is 1.7.7
2024-12-03 04:54:26 App is up to date.
2024-12-03 07:01:14 Checking for update using Github
2024-12-03 07:01:14 Success.
2024-12-03 07:01:14 Latest version is 1.7.7
2024-12-03 07:01:14 App is up to date.
2024-12-03 08:01:14 Checking for update using Github
2024-12-03 08:01:15 Success.
2024-12-03 08:01:15 Latest version is 1.7.7
2024-12-03 08:01:15 App is up to date.
2024-12-03 08:37:50 Loading updated app package /home/demid/.config/obsidian/obsidian-1.7.7.asar
2024-12-03 08:37:50 Checking for update using Github
2024-12-03 08:37:51 Success.
2024-12-03 08:37:51 Latest version is 1.7.7
2024-12-03 08:37:51 App is up to date.
2024-12-03 08:41:41 Loading updated app package /home/demid/.config/obsidian/obsidian-1.7.7.asar
2024-12-03 08:41:42 Checking for update using Github
2024-12-03 08:41:42 Success.
2024-12-03 08:41:42 Latest version is 1.7.7
2024-12-03 08:41:42 App is up to date.
2024-12-04 01:08:11 Loading updated app package /home/demid/.config/obsidian/obsidian-1.7.7.asar
2024-12-04 01:08:12 Checking for update using Github
2024-12-04 01:08:13 Success.
2024-12-04 01:08:13 Latest version is 1.7.7
2024-12-04 01:08:13 App is up to date.
2024-12-04 01:22:40 Loading updated app package /home/demid/.config/obsidian/obsidian-1.7.7.asar
2024-12-04 01:22:41 Checking for update using Github
2024-12-04 01:22:41 Success.
2024-12-04 01:22:41 Latest version is 1.7.7
2024-12-04 01:22:41 App is up to date.
2024-12-04 02:48:11 Checking for update using Github
2024-12-04 02:48:12 Success.
2024-12-04 02:48:12 Latest version is 1.7.7
2024-12-04 02:48:12 App is up to date.
2024-12-04 03:48:12 Checking for update using Github
2024-12-04 03:48:13 Success.
2024-12-04 03:48:13 Latest version is 1.7.7
2024-12-04 03:48:13 App is up to date.
2024-12-04 04:54:29 Checking for update using Github
2024-12-04 04:54:29 Success.
2024-12-04 04:54:29 Latest version is 1.7.7
2024-12-04 04:54:29 App is up to date.
2024-12-04 05:54:29 Checking for update using Github
2024-12-04 05:54:30 Success.
2024-12-04 05:54:30 Latest version is 1.7.7
2024-12-04 05:54:30 App is up to date.
2024-12-04 06:54:29 Checking for update using Github
2024-12-04 06:54:30 Success.
2024-12-04 06:54:30 Latest version is 1.7.7
2024-12-04 06:54:30 App is up to date.
2024-12-04 07:54:29 Checking for update using Github
2024-12-04 07:54:29 Failed to check for update using Github (net::ERR_INTERNET_DISCONNECTED)
2024-12-04 07:54:29 Checking for update using obsidian.md
2024-12-04 07:54:29 Failed to check for update using obsidian.md (net::ERR_INTERNET_DISCONNECTED)
2024-12-05 00:57:38 Loading updated app package /home/demid/.config/obsidian/obsidian-1.7.7.asar
2024-12-05 00:57:39 Checking for update using Github
2024-12-05 00:57:40 Success.
2024-12-05 00:57:40 Latest version is 1.7.7
2024-12-05 00:57:40 App is up to date.
2024-12-05 01:57:38 Checking for update using Github
2024-12-05 01:57:38 Success.
2024-12-05 01:57:38 Latest version is 1.7.7
2024-12-05 01:57:38 App is up to date.
2024-12-05 02:57:38 Checking for update using Github
2024-12-05 02:57:38 Success.
2024-12-05 02:57:38 Latest version is 1.7.7
2024-12-05 02:57:38 App is up to date.
2024-12-05 03:57:38 Checking for update using Github
2024-12-05 03:57:38 Success.
2024-12-05 03:57:38 Latest version is 1.7.7
2024-12-05 03:57:38 App is up to date.
2024-12-05 04:57:38 Checking for update using Github
2024-12-05 04:57:38 Success.
2024-12-05 04:57:38 Latest version is 1.7.7
2024-12-05 04:57:38 App is up to date.
2024-12-05 05:57:38 Checking for update using Github
2024-12-05 05:57:38 Success.
2024-12-05 05:57:38 Latest version is 1.7.7
2024-12-05 05:57:38 App is up to date.
2024-12-05 06:57:38 Checking for update using Github
2024-12-05 06:57:39 Success.
2024-12-05 06:57:39 Latest version is 1.7.7
2024-12-05 06:57:39 App is up to date.
2024-12-05 07:57:38 Checking for update using Github
2024-12-05 07:57:39 Success.
2024-12-05 07:57:39 Latest version is 1.7.7
2024-12-05 07:57:39 App is up to date.
2024-12-05 08:58:52 Checking for update using Github
2024-12-05 08:58:52 Success.
2024-12-05 08:58:52 Latest version is 1.7.7
2024-12-05 08:58:52 App is up to date.
2024-12-05 10:11:03 Loading updated app package /home/demid/.config/obsidian/obsidian-1.7.7.asar
2024-12-05 10:11:04 Checking for update using Github
2024-12-05 10:11:05 Success.
2024-12-05 10:11:05 Latest version is 1.7.7
2024-12-05 10:11:05 App is up to date.
2024-12-06 01:16:50 Loading updated app package /home/demid/.config/obsidian/obsidian-1.7.7.asar
2024-12-06 01:16:52 Checking for update using Github
2024-12-06 01:16:53 Success.
2024-12-06 01:16:53 Latest version is 1.7.7
2024-12-06 01:16:53 App is up to date.
2024-12-06 02:16:51 Checking for update using Github
2024-12-06 02:16:52 Success.
2024-12-06 02:16:52 Latest version is 1.7.7
2024-12-06 02:16:52 App is up to date.
2024-12-06 03:28:44 Checking for update using Github
2024-12-06 03:28:45 Success.
2024-12-06 03:28:45 Latest version is 1.7.7
2024-12-06 03:28:45 App is up to date.
2024-12-06 04:28:44 Checking for update using Github
2024-12-06 04:28:45 Success.
2024-12-06 04:28:45 Latest version is 1.7.7
2024-12-06 04:28:45 App is up to date.
2024-12-06 05:30:42 Checking for update using Github
2024-12-06 05:30:43 Success.
2024-12-06 05:30:43 Latest version is 1.7.7
2024-12-06 05:30:43 App is up to date.
2024-12-06 12:29:07 Loading updated app package /home/demid/.config/obsidian/obsidian-1.7.7.asar
2024-12-06 12:29:08 Checking for update using Github
2024-12-06 12:29:09 Success.
2024-12-06 12:29:09 Latest version is 1.7.7
2024-12-06 12:29:09 App is up to date.
2024-12-06 13:28:47 Loading updated app package /home/demid/.config/obsidian/obsidian-1.7.7.asar
2024-12-06 13:28:48 Checking for update using Github
2024-12-06 13:28:48 Success.
2024-12-06 13:28:48 Latest version is 1.7.7
2024-12-06 13:28:48 App is up to date.
2024-12-07 02:42:09 Loading updated app package /home/demid/.config/obsidian/obsidian-1.7.7.asar
2024-12-07 02:42:10 Checking for update using Github
2024-12-07 02:42:10 Success.
2024-12-07 02:42:10 Latest version is 1.7.7
2024-12-07 02:42:10 App is up to date.
2024-12-07 03:42:09 Checking for update using Github
2024-12-07 03:42:10 Success.
2024-12-07 03:42:10 Latest version is 1.7.7
2024-12-07 03:42:10 App is up to date.
2024-12-08 00:59:34 Loading updated app package /home/demid/.config/obsidian/obsidian-1.7.7.asar
2024-12-08 00:59:34 Checking for update using Github
2024-12-08 00:59:35 Success.
2024-12-08 00:59:35 Latest version is 1.7.7
2024-12-08 00:59:35 App is up to date.
2024-12-08 02:34:19 Checking for update using Github
2024-12-08 02:34:19 Success.
2024-12-08 02:34:19 Latest version is 1.7.7
2024-12-08 02:34:19 App is up to date.
2024-12-08 03:58:25 Checking for update using Github
2024-12-08 03:58:26 Success.
2024-12-08 03:58:26 Latest version is 1.7.7
2024-12-08 03:58:26 App is up to date.
2024-12-08 04:58:57 Checking for update using Github
2024-12-08 04:58:58 Success.
2024-12-08 04:58:58 Latest version is 1.7.7
2024-12-08 04:58:58 App is up to date.
2024-12-08 07:23:33 Checking for update using Github
2024-12-08 07:23:38 Success.
2024-12-08 07:23:38 Latest version is 1.7.7
2024-12-08 07:23:38 App is up to date.
2024-12-08 09:18:32 Checking for update using Github
2024-12-08 09:18:33 Success.
2024-12-08 09:18:33 Latest version is 1.7.7
2024-12-08 09:18:33 App is up to date.
2024-12-08 10:58:53 Checking for update using Github
2024-12-08 10:59:02 Success.
2024-12-08 10:59:02 Latest version is 1.7.7
2024-12-08 10:59:02 App is up to date.
2024-12-09 01:07:58 Checking for update using Github
2024-12-09 01:07:59 Success.
2024-12-09 01:07:59 Latest version is 1.7.7
2024-12-09 01:07:59 App is up to date.
2024-12-09 02:07:58 Checking for update using Github
2024-12-09 02:07:59 Success.
2024-12-09 02:07:59 Latest version is 1.7.7
2024-12-09 02:07:59 App is up to date.
2024-12-09 03:07:58 Checking for update using Github
2024-12-09 03:07:59 Success.
2024-12-09 03:07:59 Latest version is 1.7.7
2024-12-09 03:07:59 App is up to date.
2024-12-09 04:07:58 Checking for update using Github
2024-12-09 04:07:59 Success.
2024-12-09 04:07:59 Latest version is 1.7.7
2024-12-09 04:07:59 App is up to date.
2024-12-09 05:31:26 Checking for update using Github
2024-12-09 05:31:27 Success.
2024-12-09 05:31:27 Latest version is 1.7.7
2024-12-09 05:31:27 App is up to date.
2024-12-09 09:20:39 Checking for update using Github
2024-12-09 09:20:39 Success.
2024-12-09 09:20:39 Latest version is 1.7.7
2024-12-09 09:20:39 App is up to date.
2024-12-10 02:25:00 Loading updated app package /home/demid/.config/obsidian/obsidian-1.7.7.asar
2024-12-10 02:25:01 Checking for update using Github
2024-12-10 02:25:01 Success.
2024-12-10 02:25:01 Latest version is 1.7.7
2024-12-10 02:25:01 App is up to date.
2024-12-10 03:25:03 Checking for update using Github
2024-12-10 03:25:04 Success.
2024-12-10 03:25:04 Latest version is 1.7.7
2024-12-10 03:25:04 App is up to date.
2024-12-11 01:41:41 Loading updated app package /home/demid/.config/obsidian/obsidian-1.7.7.asar
2024-12-11 01:41:43 Checking for update using Github
2024-12-11 01:41:43 Success.
2024-12-11 01:41:43 Latest version is 1.7.7
2024-12-11 01:41:43 App is up to date.
2024-12-11 02:41:41 Checking for update using Github
2024-12-11 02:41:46 Success.
2024-12-11 02:41:46 Latest version is 1.7.7
2024-12-11 02:41:46 App is up to date.
2024-12-11 03:41:42 Checking for update using Github
2024-12-11 03:41:42 Success.
2024-12-11 03:41:42 Latest version is 1.7.7
2024-12-11 03:41:42 App is up to date.
2024-12-11 04:51:05 Checking for update using Github
2024-12-11 04:51:06 Success.
2024-12-11 04:51:06 Latest version is 1.7.7
2024-12-11 04:51:06 App is up to date.
2024-12-11 05:51:05 Checking for update using Github
2024-12-11 05:51:06 Success.
2024-12-11 05:51:06 Latest version is 1.7.7
2024-12-11 05:51:06 App is up to date.
2024-12-11 09:56:31 Checking for update using Github
2024-12-12 05:24:27 Loading updated app package /home/demid/.config/obsidian/obsidian-1.7.7.asar
2024-12-12 05:24:28 Checking for update using Github
2024-12-12 05:24:29 Success.
2024-12-12 05:24:29 Latest version is 1.7.7
2024-12-12 05:24:29 App is up to date.
2024-12-12 09:55:09 Checking for update using Github
2024-12-12 09:55:10 Success.
2024-12-12 09:55:10 Latest version is 1.7.7
2024-12-12 09:55:10 App is up to date.
2024-12-16 05:17:24 Loading updated app package /home/demid/.config/obsidian/obsidian-1.7.7.asar
2024-12-16 05:17:25 Checking for update using Github
2024-12-16 05:17:25 Success.
2024-12-16 05:17:25 Latest version is 1.7.7
2024-12-16 05:17:25 App is up to date.
2024-12-16 05:53:58 Loading updated app package /home/demid/.config/obsidian/obsidian-1.7.7.asar
2024-12-16 05:53:59 Checking for update using Github
2024-12-16 05:54:00 Success.
2024-12-16 05:54:00 Latest version is 1.7.7
2024-12-16 05:54:00 App is up to date.
2024-12-18 02:14:36 Loading updated app package /home/demid/.config/obsidian/obsidian-1.7.7.asar
2024-12-18 02:14:38 Checking for update using Github
2024-12-18 02:14:38 Failed to check for update using Github (net::ERR_INTERNET_DISCONNECTED)
2024-12-18 02:14:38 Checking for update using obsidian.md
2024-12-18 02:14:38 Failed to check for update using obsidian.md (net::ERR_INTERNET_DISCONNECTED)
2024-12-18 03:14:37 Checking for update using Github
2024-12-18 03:14:38 Success.
2024-12-18 03:14:38 Latest version is 1.7.7
2024-12-18 03:14:38 App is up to date.
2024-12-18 04:14:40 Checking for update using Github
2024-12-18 04:14:40 Success.
2024-12-18 04:14:40 Latest version is 1.7.7
2024-12-18 04:14:40 App is up to date.
2024-12-18 05:14:40 Checking for update using Github
2024-12-18 05:14:40 Success.
2024-12-18 05:14:40 Latest version is 1.7.7
2024-12-18 05:14:40 App is up to date.
2024-12-18 10:49:44 Checking for update using Github
